C:\USERS\MARTIN\DESKTOP\DIRECTX11 SCENE\DEBUG\DIRECTX11 SCENE.EXE
C:\USERS\MARTIN\DESKTOP\DIRECTX11 SCENE\DEBUG\DIRECTX11 SCENE.PDB
C:\USERS\MARTIN\DESKTOP\DIRECTX11 SCENE\DIRECTX11 SCENE\DEBUG\APPLICATIONCLASS.OBJ
C:\USERS\MARTIN\DESKTOP\DIRECTX11 SCENE\DIRECTX11 SCENE\DEBUG\CAMERACLASS.OBJ
C:\Users\Martin\Desktop\DirectX11 Scene\DirectX11 Scene\Debug\cl.command.1.tlog
C:\Users\Martin\Desktop\DirectX11 Scene\DirectX11 Scene\Debug\CL.read.1.tlog
C:\Users\Martin\Desktop\DirectX11 Scene\DirectX11 Scene\Debug\CL.write.1.tlog
C:\USERS\MARTIN\DESKTOP\DIRECTX11 SCENE\DIRECTX11 SCENE\DEBUG\CPUCLASS.OBJ
C:\USERS\MARTIN\DESKTOP\DIRECTX11 SCENE\DIRECTX11 SCENE\DEBUG\D3DCLASS.OBJ
C:\USERS\MARTIN\DESKTOP\DIRECTX11 SCENE\DIRECTX11 SCENE\DEBUG\DIRECTX11 SCENE.EXE.INTERMEDIATE.MANIFEST
C:\Users\Martin\Desktop\DirectX11 Scene\DirectX11 Scene\Debug\DirectX11 Scene.vcxprojResolveAssemblyReference.cache
C:\Users\Martin\Desktop\DirectX11 Scene\DirectX11 Scene\Debug\DirectX11 Scene.write.1.tlog
C:\USERS\MARTIN\DESKTOP\DIRECTX11 SCENE\DIRECTX11 SCENE\DEBUG\FONTCLASS.OBJ
C:\USERS\MARTIN\DESKTOP\DIRECTX11 SCENE\DIRECTX11 SCENE\DEBUG\FONTSHADERCLASS.OBJ
C:\USERS\MARTIN\DESKTOP\DIRECTX11 SCENE\DIRECTX11 SCENE\DEBUG\FPSCLASS.OBJ
C:\USERS\MARTIN\DESKTOP\DIRECTX11 SCENE\DIRECTX11 SCENE\DEBUG\GLOWSHADERCLASS.OBJ
C:\USERS\MARTIN\DESKTOP\DIRECTX11 SCENE\DIRECTX11 SCENE\DEBUG\HORIZONTALBLURSHADERCLASS.OBJ
C:\USERS\MARTIN\DESKTOP\DIRECTX11 SCENE\DIRECTX11 SCENE\DEBUG\INPUTCLASS.OBJ
C:\USERS\MARTIN\DESKTOP\DIRECTX11 SCENE\DIRECTX11 SCENE\DEBUG\LIGHTCLASS.OBJ
C:\USERS\MARTIN\DESKTOP\DIRECTX11 SCENE\DIRECTX11 SCENE\DEBUG\LIGHTSHADERCLASS.OBJ
C:\Users\Martin\Desktop\DirectX11 Scene\DirectX11 Scene\Debug\link.command.1.tlog
C:\Users\Martin\Desktop\DirectX11 Scene\DirectX11 Scene\Debug\link.read.1.tlog
C:\Users\Martin\Desktop\DirectX11 Scene\DirectX11 Scene\Debug\link.write.1.tlog
C:\USERS\MARTIN\DESKTOP\DIRECTX11 SCENE\DIRECTX11 SCENE\DEBUG\MAIN.OBJ
C:\USERS\MARTIN\DESKTOP\DIRECTX11 SCENE\DIRECTX11 SCENE\DEBUG\MODELCLASS.OBJ
C:\Users\Martin\Desktop\DirectX11 Scene\DirectX11 Scene\Debug\mt.command.1.tlog
C:\Users\Martin\Desktop\DirectX11 Scene\DirectX11 Scene\Debug\mt.read.1.tlog
C:\Users\Martin\Desktop\DirectX11 Scene\DirectX11 Scene\Debug\mt.read.2.tlog
C:\Users\Martin\Desktop\DirectX11 Scene\DirectX11 Scene\Debug\mt.write.1.tlog
C:\USERS\MARTIN\DESKTOP\DIRECTX11 SCENE\DIRECTX11 SCENE\DEBUG\ORTHOWINDOWCLASS.OBJ
C:\USERS\MARTIN\DESKTOP\DIRECTX11 SCENE\DIRECTX11 SCENE\DEBUG\PARTICLESHADERCLASS.OBJ
C:\USERS\MARTIN\DESKTOP\DIRECTX11 SCENE\DIRECTX11 SCENE\DEBUG\PARTICLESYSTEMCLASS.OBJ
C:\USERS\MARTIN\DESKTOP\DIRECTX11 SCENE\DIRECTX11 SCENE\DEBUG\POSITIONCLASS.OBJ
C:\USERS\MARTIN\DESKTOP\DIRECTX11 SCENE\DIRECTX11 SCENE\DEBUG\REFLECTIONSHADERCLASS.OBJ
C:\USERS\MARTIN\DESKTOP\DIRECTX11 SCENE\DIRECTX11 SCENE\DEBUG\RENDERTEXTURECLASS.OBJ
C:\USERS\MARTIN\DESKTOP\DIRECTX11 SCENE\DIRECTX11 SCENE\DEBUG\SYSTEMCLASS.OBJ
C:\USERS\MARTIN\DESKTOP\DIRECTX11 SCENE\DIRECTX11 SCENE\DEBUG\TERRAINCLASS.OBJ
C:\USERS\MARTIN\DESKTOP\DIRECTX11 SCENE\DIRECTX11 SCENE\DEBUG\TEXTCLASS.OBJ
C:\USERS\MARTIN\DESKTOP\DIRECTX11 SCENE\DIRECTX11 SCENE\DEBUG\TEXTURECLASS.OBJ
C:\USERS\MARTIN\DESKTOP\DIRECTX11 SCENE\DIRECTX11 SCENE\DEBUG\TEXTURESHADERCLASS.OBJ
C:\USERS\MARTIN\DESKTOP\DIRECTX11 SCENE\DIRECTX11 SCENE\DEBUG\TIMERCLASS.OBJ
C:\USERS\MARTIN\DESKTOP\DIRECTX11 SCENE\DIRECTX11 SCENE\DEBUG\TOKENSTREAM.OBJ
C:\Users\Martin\Desktop\DirectX11 Scene\DirectX11 Scene\Debug\vc100.idb
C:\USERS\MARTIN\DESKTOP\DIRECTX11 SCENE\DIRECTX11 SCENE\DEBUG\VC100.PDB
C:\USERS\MARTIN\DESKTOP\DIRECTX11 SCENE\DIRECTX11 SCENE\DEBUG\VERTICALBLURSHADERCLASS.OBJ
C:\USERS\MARTIN\DESKTOP\DIRECTX11 SCENE\DIRECTX11 SCENE\DEBUG\WATERCLASS.OBJ
C:\USERS\MARTIN\DESKTOP\DIRECTX11 SCENE\DIRECTX11 SCENE\DEBUG\WATERSHADERCLASS.OBJ
C:\USERS\MARTIN\DESKTOP\SOURCE\DIRECTX11 SCENE\DEBUG\DIRECTX11 SCENE.EXE
C:\USERS\MARTIN\DESKTOP\SOURCE\DIRECTX11 SCENE\DEBUG\DIRECTX11 SCENE.PDB
C:\USERS\MARTIN\DESKTOP\SOURCE\DIRECTX11 SCENE\DIRECTX11 SCENE\DEBUG\APPLICATIONCLASS.OBJ
C:\USERS\MARTIN\DESKTOP\SOURCE\DIRECTX11 SCENE\DIRECTX11 SCENE\DEBUG\CAMERACLASS.OBJ
C:\USERS\MARTIN\DESKTOP\SOURCE\DIRECTX11 SCENE\DIRECTX11 SCENE\DEBUG\CPUCLASS.OBJ
C:\USERS\MARTIN\DESKTOP\SOURCE\DIRECTX11 SCENE\DIRECTX11 SCENE\DEBUG\D3DCLASS.OBJ
C:\USERS\MARTIN\DESKTOP\SOURCE\DIRECTX11 SCENE\DIRECTX11 SCENE\DEBUG\DIRECTX11 SCENE.EXE.INTERMEDIATE.MANIFEST
C:\USERS\MARTIN\DESKTOP\SOURCE\DIRECTX11 SCENE\DIRECTX11 SCENE\DEBUG\FONTCLASS.OBJ
C:\USERS\MARTIN\DESKTOP\SOURCE\DIRECTX11 SCENE\DIRECTX11 SCENE\DEBUG\FONTSHADERCLASS.OBJ
C:\USERS\MARTIN\DESKTOP\SOURCE\DIRECTX11 SCENE\DIRECTX11 SCENE\DEBUG\FPSCLASS.OBJ
C:\USERS\MARTIN\DESKTOP\SOURCE\DIRECTX11 SCENE\DIRECTX11 SCENE\DEBUG\GLOWSHADERCLASS.OBJ
C:\USERS\MARTIN\DESKTOP\SOURCE\DIRECTX11 SCENE\DIRECTX11 SCENE\DEBUG\HORIZONTALBLURSHADERCLASS.OBJ
C:\USERS\MARTIN\DESKTOP\SOURCE\DIRECTX11 SCENE\DIRECTX11 SCENE\DEBUG\INPUTCLASS.OBJ
C:\USERS\MARTIN\DESKTOP\SOURCE\DIRECTX11 SCENE\DIRECTX11 SCENE\DEBUG\LIGHTCLASS.OBJ
C:\USERS\MARTIN\DESKTOP\SOURCE\DIRECTX11 SCENE\DIRECTX11 SCENE\DEBUG\LIGHTSHADERCLASS.OBJ
C:\USERS\MARTIN\DESKTOP\SOURCE\DIRECTX11 SCENE\DIRECTX11 SCENE\DEBUG\MAIN.OBJ
C:\USERS\MARTIN\DESKTOP\SOURCE\DIRECTX11 SCENE\DIRECTX11 SCENE\DEBUG\MODELCLASS.OBJ
C:\USERS\MARTIN\DESKTOP\SOURCE\DIRECTX11 SCENE\DIRECTX11 SCENE\DEBUG\ORTHOWINDOWCLASS.OBJ
C:\USERS\MARTIN\DESKTOP\SOURCE\DIRECTX11 SCENE\DIRECTX11 SCENE\DEBUG\PARTICLESHADERCLASS.OBJ
C:\USERS\MARTIN\DESKTOP\SOURCE\DIRECTX11 SCENE\DIRECTX11 SCENE\DEBUG\PARTICLESYSTEMCLASS.OBJ
C:\USERS\MARTIN\DESKTOP\SOURCE\DIRECTX11 SCENE\DIRECTX11 SCENE\DEBUG\POSITIONCLASS.OBJ
C:\USERS\MARTIN\DESKTOP\SOURCE\DIRECTX11 SCENE\DIRECTX11 SCENE\DEBUG\REFLECTIONSHADERCLASS.OBJ
C:\USERS\MARTIN\DESKTOP\SOURCE\DIRECTX11 SCENE\DIRECTX11 SCENE\DEBUG\RENDERTEXTURECLASS.OBJ
C:\USERS\MARTIN\DESKTOP\SOURCE\DIRECTX11 SCENE\DIRECTX11 SCENE\DEBUG\SYSTEMCLASS.OBJ
C:\USERS\MARTIN\DESKTOP\SOURCE\DIRECTX11 SCENE\DIRECTX11 SCENE\DEBUG\TERRAINCLASS.OBJ
C:\USERS\MARTIN\DESKTOP\SOURCE\DIRECTX11 SCENE\DIRECTX11 SCENE\DEBUG\TEXTCLASS.OBJ
C:\USERS\MARTIN\DESKTOP\SOURCE\DIRECTX11 SCENE\DIRECTX11 SCENE\DEBUG\TEXTURECLASS.OBJ
C:\USERS\MARTIN\DESKTOP\SOURCE\DIRECTX11 SCENE\DIRECTX11 SCENE\DEBUG\TEXTURESHADERCLASS.OBJ
C:\USERS\MARTIN\DESKTOP\SOURCE\DIRECTX11 SCENE\DIRECTX11 SCENE\DEBUG\TIMERCLASS.OBJ
C:\USERS\MARTIN\DESKTOP\SOURCE\DIRECTX11 SCENE\DIRECTX11 SCENE\DEBUG\TOKENSTREAM.OBJ
C:\USERS\MARTIN\DESKTOP\SOURCE\DIRECTX11 SCENE\DIRECTX11 SCENE\DEBUG\VC100.PDB
C:\USERS\MARTIN\DESKTOP\SOURCE\DIRECTX11 SCENE\DIRECTX11 SCENE\DEBUG\VERTICALBLURSHADERCLASS.OBJ
C:\USERS\MARTIN\DESKTOP\SOURCE\DIRECTX11 SCENE\DIRECTX11 SCENE\DEBUG\WATERCLASS.OBJ
C:\USERS\MARTIN\DESKTOP\SOURCE\DIRECTX11 SCENE\DIRECTX11 SCENE\DEBUG\WATERSHADERCLASS.OBJ
