C:\USERS\MARTIN\DESKTOP\DIRECTX RESIT\FROM RASTERTEK\TERRAIN TUTORIALS\FINAL TERRAIN SCENE\DIRECTX11 SCENE\DIRECTX11 SCENE\RELEASE\APPLICATIONCLASS.OBJ
C:\USERS\MARTIN\DESKTOP\DIRECTX RESIT\FROM RASTERTEK\TERRAIN TUTORIALS\FINAL TERRAIN SCENE\DIRECTX11 SCENE\DIRECTX11 SCENE\RELEASE\CAMERACLASS.OBJ
C:\USERS\MARTIN\DESKTOP\DIRECTX RESIT\FROM RASTERTEK\TERRAIN TUTORIALS\FINAL TERRAIN SCENE\DIRECTX11 SCENE\DIRECTX11 SCENE\RELEASE\CPUCLASS.OBJ
C:\USERS\MARTIN\DESKTOP\DIRECTX RESIT\FROM RASTERTEK\TERRAIN TUTORIALS\FINAL TERRAIN SCENE\DIRECTX11 SCENE\DIRECTX11 SCENE\RELEASE\D3DCLASS.OBJ
C:\USERS\MARTIN\DESKTOP\DIRECTX RESIT\FROM RASTERTEK\TERRAIN TUTORIALS\FINAL TERRAIN SCENE\DIRECTX11 SCENE\DIRECTX11 SCENE\RELEASE\DIRECTX11 SCENE.EXE.INTERMEDIATE.MANIFEST
C:\USERS\MARTIN\DESKTOP\DIRECTX RESIT\FROM RASTERTEK\TERRAIN TUTORIALS\FINAL TERRAIN SCENE\DIRECTX11 SCENE\DIRECTX11 SCENE\RELEASE\FONTCLASS.OBJ
C:\USERS\MARTIN\DESKTOP\DIRECTX RESIT\FROM RASTERTEK\TERRAIN TUTORIALS\FINAL TERRAIN SCENE\DIRECTX11 SCENE\DIRECTX11 SCENE\RELEASE\FONTSHADERCLASS.OBJ
C:\USERS\MARTIN\DESKTOP\DIRECTX RESIT\FROM RASTERTEK\TERRAIN TUTORIALS\FINAL TERRAIN SCENE\DIRECTX11 SCENE\DIRECTX11 SCENE\RELEASE\FPSCLASS.OBJ
C:\USERS\MARTIN\DESKTOP\DIRECTX RESIT\FROM RASTERTEK\TERRAIN TUTORIALS\FINAL TERRAIN SCENE\DIRECTX11 SCENE\DIRECTX11 SCENE\RELEASE\GLOWSHADERCLASS.OBJ
C:\USERS\MARTIN\DESKTOP\DIRECTX RESIT\FROM RASTERTEK\TERRAIN TUTORIALS\FINAL TERRAIN SCENE\DIRECTX11 SCENE\DIRECTX11 SCENE\RELEASE\HORIZONTALBLURSHADERCLASS.OBJ
C:\USERS\MARTIN\DESKTOP\DIRECTX RESIT\FROM RASTERTEK\TERRAIN TUTORIALS\FINAL TERRAIN SCENE\DIRECTX11 SCENE\DIRECTX11 SCENE\RELEASE\INPUTCLASS.OBJ
C:\USERS\MARTIN\DESKTOP\DIRECTX RESIT\FROM RASTERTEK\TERRAIN TUTORIALS\FINAL TERRAIN SCENE\DIRECTX11 SCENE\DIRECTX11 SCENE\RELEASE\LIGHTCLASS.OBJ
C:\USERS\MARTIN\DESKTOP\DIRECTX RESIT\FROM RASTERTEK\TERRAIN TUTORIALS\FINAL TERRAIN SCENE\DIRECTX11 SCENE\DIRECTX11 SCENE\RELEASE\LIGHTSHADERCLASS.OBJ
C:\USERS\MARTIN\DESKTOP\DIRECTX RESIT\FROM RASTERTEK\TERRAIN TUTORIALS\FINAL TERRAIN SCENE\DIRECTX11 SCENE\DIRECTX11 SCENE\RELEASE\MAIN.OBJ
C:\USERS\MARTIN\DESKTOP\DIRECTX RESIT\FROM RASTERTEK\TERRAIN TUTORIALS\FINAL TERRAIN SCENE\DIRECTX11 SCENE\DIRECTX11 SCENE\RELEASE\MODELCLASS.OBJ
C:\USERS\MARTIN\DESKTOP\DIRECTX RESIT\FROM RASTERTEK\TERRAIN TUTORIALS\FINAL TERRAIN SCENE\DIRECTX11 SCENE\DIRECTX11 SCENE\RELEASE\ORTHOWINDOWCLASS.OBJ
C:\USERS\MARTIN\DESKTOP\DIRECTX RESIT\FROM RASTERTEK\TERRAIN TUTORIALS\FINAL TERRAIN SCENE\DIRECTX11 SCENE\DIRECTX11 SCENE\RELEASE\PARTICLESHADERCLASS.OBJ
C:\USERS\MARTIN\DESKTOP\DIRECTX RESIT\FROM RASTERTEK\TERRAIN TUTORIALS\FINAL TERRAIN SCENE\DIRECTX11 SCENE\DIRECTX11 SCENE\RELEASE\PARTICLESYSTEMCLASS.OBJ
C:\USERS\MARTIN\DESKTOP\DIRECTX RESIT\FROM RASTERTEK\TERRAIN TUTORIALS\FINAL TERRAIN SCENE\DIRECTX11 SCENE\DIRECTX11 SCENE\RELEASE\POSITIONCLASS.OBJ
C:\USERS\MARTIN\DESKTOP\DIRECTX RESIT\FROM RASTERTEK\TERRAIN TUTORIALS\FINAL TERRAIN SCENE\DIRECTX11 SCENE\DIRECTX11 SCENE\RELEASE\REFLECTIONSHADERCLASS.OBJ
C:\USERS\MARTIN\DESKTOP\DIRECTX RESIT\FROM RASTERTEK\TERRAIN TUTORIALS\FINAL TERRAIN SCENE\DIRECTX11 SCENE\DIRECTX11 SCENE\RELEASE\RENDERTEXTURECLASS.OBJ
C:\USERS\MARTIN\DESKTOP\DIRECTX RESIT\FROM RASTERTEK\TERRAIN TUTORIALS\FINAL TERRAIN SCENE\DIRECTX11 SCENE\DIRECTX11 SCENE\RELEASE\SYSTEMCLASS.OBJ
C:\USERS\MARTIN\DESKTOP\DIRECTX RESIT\FROM RASTERTEK\TERRAIN TUTORIALS\FINAL TERRAIN SCENE\DIRECTX11 SCENE\DIRECTX11 SCENE\RELEASE\TERRAINCLASS.OBJ
C:\USERS\MARTIN\DESKTOP\DIRECTX RESIT\FROM RASTERTEK\TERRAIN TUTORIALS\FINAL TERRAIN SCENE\DIRECTX11 SCENE\DIRECTX11 SCENE\RELEASE\TEXTCLASS.OBJ
C:\USERS\MARTIN\DESKTOP\DIRECTX RESIT\FROM RASTERTEK\TERRAIN TUTORIALS\FINAL TERRAIN SCENE\DIRECTX11 SCENE\DIRECTX11 SCENE\RELEASE\TEXTURECLASS.OBJ
C:\USERS\MARTIN\DESKTOP\DIRECTX RESIT\FROM RASTERTEK\TERRAIN TUTORIALS\FINAL TERRAIN SCENE\DIRECTX11 SCENE\DIRECTX11 SCENE\RELEASE\TEXTURESHADERCLASS.OBJ
C:\USERS\MARTIN\DESKTOP\DIRECTX RESIT\FROM RASTERTEK\TERRAIN TUTORIALS\FINAL TERRAIN SCENE\DIRECTX11 SCENE\DIRECTX11 SCENE\RELEASE\TIMERCLASS.OBJ
C:\USERS\MARTIN\DESKTOP\DIRECTX RESIT\FROM RASTERTEK\TERRAIN TUTORIALS\FINAL TERRAIN SCENE\DIRECTX11 SCENE\DIRECTX11 SCENE\RELEASE\TOKENSTREAM.OBJ
C:\USERS\MARTIN\DESKTOP\DIRECTX RESIT\FROM RASTERTEK\TERRAIN TUTORIALS\FINAL TERRAIN SCENE\DIRECTX11 SCENE\DIRECTX11 SCENE\RELEASE\VC100.PDB
C:\USERS\MARTIN\DESKTOP\DIRECTX RESIT\FROM RASTERTEK\TERRAIN TUTORIALS\FINAL TERRAIN SCENE\DIRECTX11 SCENE\DIRECTX11 SCENE\RELEASE\VERTICALBLURSHADERCLASS.OBJ
C:\USERS\MARTIN\DESKTOP\DIRECTX RESIT\FROM RASTERTEK\TERRAIN TUTORIALS\FINAL TERRAIN SCENE\DIRECTX11 SCENE\DIRECTX11 SCENE\RELEASE\WATERCLASS.OBJ
C:\USERS\MARTIN\DESKTOP\DIRECTX RESIT\FROM RASTERTEK\TERRAIN TUTORIALS\FINAL TERRAIN SCENE\DIRECTX11 SCENE\DIRECTX11 SCENE\RELEASE\WATERSHADERCLASS.OBJ
C:\USERS\MARTIN\DESKTOP\DIRECTX RESIT\FROM RASTERTEK\TERRAIN TUTORIALS\FINAL TERRAIN SCENE\DIRECTX11 SCENE\RELEASE\DIRECTX11 SCENE.EXE
C:\USERS\MARTIN\DESKTOP\DIRECTX RESIT\FROM RASTERTEK\TERRAIN TUTORIALS\FINAL TERRAIN SCENE\DIRECTX11 SCENE\RELEASE\DIRECTX11 SCENE.PDB
C:\Users\Martin\Documents\GitHub\Direct3D11App\DirectX11 Scene\Release\applicationclass.obj
C:\Users\Martin\Documents\GitHub\Direct3D11App\DirectX11 Scene\Release\cameraclass.obj
C:\Users\Martin\Documents\GitHub\Direct3D11App\DirectX11 Scene\Release\cl.command.1.tlog
C:\Users\Martin\Documents\GitHub\Direct3D11App\DirectX11 Scene\Release\CL.read.1.tlog
C:\Users\Martin\Documents\GitHub\Direct3D11App\DirectX11 Scene\Release\CL.write.1.tlog
C:\Users\Martin\Documents\GitHub\Direct3D11App\DirectX11 Scene\Release\cpuclass.obj
C:\Users\Martin\Documents\GitHub\Direct3D11App\DirectX11 Scene\Release\d3dclass.obj
C:\Users\Martin\Documents\GitHub\Direct3D11App\DirectX11 Scene\Release\DirectX11 Scene.exe.intermediate.manifest
C:\Users\Martin\Documents\GitHub\Direct3D11App\DirectX11 Scene\Release\DirectX11 Scene.write.1.tlog
C:\Users\Martin\Documents\GitHub\Direct3D11App\DirectX11 Scene\Release\fontclass.obj
C:\Users\Martin\Documents\GitHub\Direct3D11App\DirectX11 Scene\Release\fontshaderclass.obj
C:\Users\Martin\Documents\GitHub\Direct3D11App\DirectX11 Scene\Release\fpsclass.obj
C:\Users\Martin\Documents\GitHub\Direct3D11App\DirectX11 Scene\Release\glowshaderclass.obj
C:\Users\Martin\Documents\GitHub\Direct3D11App\DirectX11 Scene\Release\horizontalblurshaderclass.obj
C:\Users\Martin\Documents\GitHub\Direct3D11App\DirectX11 Scene\Release\inputclass.obj
C:\Users\Martin\Documents\GitHub\Direct3D11App\DirectX11 Scene\Release\lightclass.obj
C:\Users\Martin\Documents\GitHub\Direct3D11App\DirectX11 Scene\Release\lightshaderclass.obj
C:\Users\Martin\Documents\GitHub\Direct3D11App\DirectX11 Scene\Release\link.command.1.tlog
C:\Users\Martin\Documents\GitHub\Direct3D11App\DirectX11 Scene\Release\link.read.1.tlog
C:\Users\Martin\Documents\GitHub\Direct3D11App\DirectX11 Scene\Release\link.write.1.tlog
C:\Users\Martin\Documents\GitHub\Direct3D11App\DirectX11 Scene\Release\main.obj
C:\Users\Martin\Documents\GitHub\Direct3D11App\DirectX11 Scene\Release\modelclass.obj
C:\Users\Martin\Documents\GitHub\Direct3D11App\DirectX11 Scene\Release\mt.command.1.tlog
C:\Users\Martin\Documents\GitHub\Direct3D11App\DirectX11 Scene\Release\mt.read.1.tlog
C:\Users\Martin\Documents\GitHub\Direct3D11App\DirectX11 Scene\Release\mt.write.1.tlog
C:\Users\Martin\Documents\GitHub\Direct3D11App\DirectX11 Scene\Release\orthowindowclass.obj
C:\Users\Martin\Documents\GitHub\Direct3D11App\DirectX11 Scene\Release\particleshaderclass.obj
C:\Users\Martin\Documents\GitHub\Direct3D11App\DirectX11 Scene\Release\particlesystemclass.obj
C:\Users\Martin\Documents\GitHub\Direct3D11App\DirectX11 Scene\Release\positionclass.obj
C:\Users\Martin\Documents\GitHub\Direct3D11App\DirectX11 Scene\Release\reflectionshaderclass.obj
C:\Users\Martin\Documents\GitHub\Direct3D11App\DirectX11 Scene\Release\rendertextureclass.obj
C:\Users\Martin\Documents\GitHub\Direct3D11App\DirectX11 Scene\Release\systemclass.obj
C:\Users\Martin\Documents\GitHub\Direct3D11App\DirectX11 Scene\Release\terrainclass.obj
C:\Users\Martin\Documents\GitHub\Direct3D11App\DirectX11 Scene\Release\textclass.obj
C:\Users\Martin\Documents\GitHub\Direct3D11App\DirectX11 Scene\Release\textureclass.obj
C:\Users\Martin\Documents\GitHub\Direct3D11App\DirectX11 Scene\Release\textureshaderclass.obj
C:\Users\Martin\Documents\GitHub\Direct3D11App\DirectX11 Scene\Release\timerclass.obj
C:\Users\Martin\Documents\GitHub\Direct3D11App\DirectX11 Scene\Release\TokenStream.obj
C:\Users\Martin\Documents\GitHub\Direct3D11App\DirectX11 Scene\Release\vc100.pdb
C:\Users\Martin\Documents\GitHub\Direct3D11App\DirectX11 Scene\Release\verticalblurshaderclass.obj
C:\Users\Martin\Documents\GitHub\Direct3D11App\DirectX11 Scene\Release\waterclass.obj
C:\Users\Martin\Documents\GitHub\Direct3D11App\DirectX11 Scene\Release\watershaderclass.obj
C:\Users\Martin\Documents\GitHub\Direct3D11App\Release\DirectX11 Scene.exe
C:\Users\Martin\Documents\GitHub\Direct3D11App\Release\DirectX11 Scene.pdb
